# JRE version: Java(TM) SE Runtime Environment (9.0+11) (build 9.0.4+11)
# Java VM: Java HotSpot(TM) 64-Bit Server VM (9.0.4+11, mixed mode, tiered, compressed oops, g1 gc, windows-amd64)
Heap:
 garbage-first heap   total 157696K, used 26773K [0x0000000081c00000, 0x0000000081d004d0, 0x0000000100000000)
  region size 1024K, 8 young (8192K), 6 survivors (6144K)
 Metaspace       used 20510K, capacity 21774K, committed 21960K, reserved 1069056K
  class space    used 2719K, capacity 2993K, committed 3072K, reserved 1048576K
GC Heap History (10 events):
Event: 1.357 GC heap before
{Heap before GC invocations=1 (full 0):
 garbage-first heap   total 131072K, used 19362K [0x0000000081c00000, 0x0000000081d00400, 0x0000000100000000)
  region size 1024K, 10 young (10240K), 2 survivors (2048K)
 Metaspace       used 6770K, capacity 6890K, committed 7040K, reserved 1056768K
  class space    used 741K, capacity 773K, committed 896K, reserved 1048576K
}
Event: 1.366 GC heap after
{Heap after GC invocations=2 (full 0):
 garbage-first heap   total 131072K, used 18071K [0x0000000081c00000, 0x0000000081d00400, 0x0000000100000000)
  region size 1024K, 2 young (2048K), 2 survivors (2048K)
 Metaspace       used 6770K, capacity 6890K, committed 7040K, reserved 1056768K
  class space    used 741K, capacity 773K, committed 896K, reserved 1048576K
}
Event: 2.226 GC heap before
{Heap before GC invocations=2 (full 0):
 garbage-first heap   total 131072K, used 34455K [0x0000000081c00000, 0x0000000081d00400, 0x0000000100000000)
  region size 1024K, 18 young (18432K), 2 survivors (2048K)
 Metaspace       used 11557K, capacity 12198K, committed 12416K, reserved 1060864K
  class space    used 1399K, capacity 1548K, committed 1664K, reserved 1048576K
}
Event: 2.235 GC heap after
{Heap after GC invocations=3 (full 0):
 garbage-first heap   total 131072K, used 20207K [0x0000000081c00000, 0x0000000081d00400, 0x0000000100000000)
  region size 1024K, 2 young (2048K), 2 survivors (2048K)
 Metaspace       used 11557K, capacity 12198K, committed 12416K, reserved 1060864K
  class space    used 1399K, capacity 1548K, committed 1664K, reserved 1048576K
}
Event: 2.486 GC heap before
{Heap before GC invocations=3 (full 0):
 garbage-first heap   total 131072K, used 44783K [0x0000000081c00000, 0x0000000081d00400, 0x0000000100000000)
  region size 1024K, 26 young (26624K), 2 survivors (2048K)
 Metaspace       used 12984K, capacity 13612K, committed 13824K, reserved 1060864K
  class space    used 1631K, capacity 1775K, committed 1792K, reserved 1048576K
}
Event: 2.495 GC heap after
{Heap after GC invocations=4 (full 0):
 garbage-first heap   total 131072K, used 21615K [0x0000000081c00000, 0x0000000081d00400, 0x0000000100000000)
  region size 1024K, 4 young (4096K), 4 survivors (4096K)
 Metaspace       used 12984K, capacity 13612K, committed 13824K, reserved 1060864K
  class space    used 1631K, capacity 1775K, committed 1792K, reserved 1048576K
}
Event: 3.020 GC heap before
{Heap before GC invocations=4 (full 0):
 garbage-first heap   total 131072K, used 61551K [0x0000000081c00000, 0x0000000081d00400, 0x0000000100000000)
  region size 1024K, 43 young (44032K), 4 survivors (4096K)
 Metaspace       used 15329K, capacity 16176K, committed 16256K, reserved 1062912K
  class space    used 1945K, capacity 2128K, committed 2176K, reserved 1048576K
}
Event: 3.035 GC heap after
{Heap after GC invocations=5 (full 0):
 garbage-first heap   total 157696K, used 22892K [0x0000000081c00000, 0x0000000081d004d0, 0x0000000100000000)
  region size 1024K, 4 young (4096K), 4 survivors (4096K)
 Metaspace       used 15329K, capacity 16176K, committed 16256K, reserved 1062912K
  class space    used 1945K, capacity 2128K, committed 2176K, reserved 1048576K
}
Event: 3.707 GC heap before
{Heap before GC invocations=5 (full 0):
 garbage-first heap   total 157696K, used 75116K [0x0000000081c00000, 0x0000000081d004d0, 0x0000000100000000)
  region size 1024K, 56 young (57344K), 4 survivors (4096K)
 Metaspace       used 19995K, capacity 21228K, committed 21296K, reserved 1067008K
  class space    used 2655K, capacity 2922K, committed 2944K, reserved 1048576K
}
Event: 3.721 GC heap after
{Heap after GC invocations=6 (full 0):
 garbage-first heap   total 157696K, used 25749K [0x0000000081c00000, 0x0000000081d004d0, 0x0000000100000000)
  region size 1024K, 6 young (6144K), 6 survivors (6144K)
 Metaspace       used 19995K, capacity 21228K, committed 21296K, reserved 1067008K
  class space    used 2655K, capacity 2922K, committed 2944K, reserved 1048576K
}

